<?xml version="1.0" encoding="UTF-8"?>
<!-- Generated by org.testng.reporters.JUnitXMLReporter -->
<testsuite hostname="LAPTOP-BIQ4L6NA" name="Test" tests="2" failures="0" timestamp="9 Oct 2017 07:26:45 GMT" time="58.556" errors="0">
  <testcase name="@BeforeClass startbrowser" time="0.0" classname="TestScenarios.DemoVtigettest">
    <failure type="org.openqa.selenium.WebDriverException" message="Failed to connect to binary FirefoxBinary(C:\Program Files (x86)\Mozilla Firefox\firefox.exe) on port 7055; process output follows: 
ugBig.png&amp;quot;,&amp;quot;icon64URL&amp;quot;:null,&amp;quot;blocklistState&amp;quot;:0,&amp;quot;blocklistURL&amp;quot;:null}
1507533963243	addons.xpi-utils	DEBUG	Updating active state for add-on firebug@software.joehewitt.com to false
1507533963244	addons.xpi	DEBUG	Add-on FireXPath@pierre.tholence.com blocks e10s rollout.
1507533963244	DeferredSave.extensions.json	DEBUG	Save changes
1507533963247	addons.xpi	DEBUG	Calling bootstrap method shutdown on firebug@software.joehewitt.com version 2.0.19
1507533963248	addons.xpi	WARN	Exception running bootstrap method shutdown on firebug@software.joehewitt.com: [Exception... &amp;quot;Component returned failure code: 0x80004005 (NS_ERROR_FAILURE) [nsIObserverService.removeObserver]&amp;quot;  nsresult: &amp;quot;0x80004005 (NS_ERROR_FAILURE)&amp;quot;  location: &amp;quot;JS frame :: resource://gre/modules/addons/XPIProvider.jsm -&amp;gt; jar:file:///C:/Users/Lenovo/AppData/Local/Temp/anonymous3583726571009000755webdriver-profile/extensions/firebug@software.joehewitt.com.xpi!/bootstrap.js :: shutdown :: line 92&amp;quot;  data: no] Stack trace: shutdown()@resource://gre/modules/addons/XPIProvider.jsm -&amp;gt; jar:file:///C:/Users/Lenovo/AppData/Local/Temp/anonymous3583726571009000755webdriver-profile/extensions/firebug@software.joehewitt.com.xpi!/bootstrap.js:92 &amp;lt; callBootstrapMethod()@resource://gre/modules/addons/XPIProvider.jsm:4405 &amp;lt; updateAddonDisabledState()@resource://gre/modules/addons/XPIProvider.jsm:4540 &amp;lt; updateAddonRepositoryData/&amp;lt;/&amp;lt;()@resource://gre/modules/addons/XPIProvider.jsm:3848 &amp;lt; getAddon()@resource://gre/modules/addons/AddonRepository.jsm:558 &amp;lt; getCachedAddonByID()@resource://gre/modules/addons/AddonRepository.jsm:570 &amp;lt; updateAddonRepositoryData/&amp;lt;()@resource://gre/modules/addons/XPIProvider.jsm:3843 &amp;lt; makeSafe/&amp;lt;()@resource://gre/modules/addons/XPIProvider.jsm -&amp;gt; resource://gre/modules/addons/XPIProviderUtils.js:108 &amp;lt; getAddonList()@resource://gre/modules/addons/XPIProvider.jsm -&amp;gt; resource://gre/modules/addons/XPIProviderUtils.js:725 &amp;lt; showUpgradeUI()@resource://gre/modules/addons/XPIProvider.jsm:2495 &amp;lt; startup()@resource://gre/modules/addons/XPIProvider.jsm:2200 &amp;lt; callProvider()@resource://gre/modules/AddonManager.jsm:269 &amp;lt; _startProvider()@resource://gre/modules/AddonManager.jsm:739 &amp;lt; startup()@resource://gre/modules/AddonManager.jsm:906 &amp;lt; startup()@resource://gre/modules/AddonManager.jsm:3090 &amp;lt; observe()@jar:file:///C:/Program%20Files%20(x86)/Mozilla%20Firefox/omni.ja!/components/addonManager.js:65
1507533963252	addons.xpi	DEBUG	Removing manifest for C:\Users\Lenovo\AppData\Local\Temp\anonymous3583726571009000755webdriver-profile\extensions\firebug@software.joehewitt.com.xpi
1507533963264	addons.xpi	DEBUG	updateAddonRepositoryData got info for FireXPath@pierre.tholence.com
1507533963264	addons.xpi	DEBUG	updateAddonRepositoryData got info for jid1-16aeif9OQIRKxA@jetpack
1507533963265	addons.xpi	DEBUG	updateAddonRepositoryData got info for @onboard-v2
1507533963267	DeferredSave.extensions.json	DEBUG	Starting timer
1507533963267	addons.update-dialog	DEBUG	Fetching affected addons [&amp;quot;firebug@software.joehewitt.com&amp;quot;]
1507533963269	addons.update-dialog	DEBUG	VersionInfo Finding updates for firebug@software.joehewitt.com
1507533963280	addons.update-checker	DEBUG	Requesting https://versioncheck.addons.mozilla.org/update/VersionCheck.php?reqVersion=2&amp;amp;id=firebug@software.joehewitt.com&amp;amp;version=2.0.19&amp;amp;maxAppVersion=54.0&amp;amp;status=userEnabled,incompatible&amp;amp;appID={ec8030f7-c20a-464f-9b0e-13a3a9e97384}&amp;amp;appVersion=56.0&amp;amp;appOS=WINNT&amp;amp;appABI=x86-msvc&amp;amp;locale=en-US&amp;amp;currentAppVersion=56.0&amp;amp;updateType=99&amp;amp;compatMode=normal
1507533963293	DeferredSave.extensions.json	DEBUG	Starting write
1507533963306	DeferredSave.extensions.json	DEBUG	Write succeeded
1507533964180	addons.update-dialog	DEBUG	VersionInfo update 1 of 1 finished for firebug@software.joehewitt.com
1507533964181	addons.update-dialog	DEBUG	VersionInfo updates finished: found [&amp;quot;firebug@software.joehewitt.com:true&amp;quot;]
1507533964181	addons.update-dialog	DEBUG	Continuing with add-on firebug@software.joehewitt.com
1507533964599	DeferredSave.webext.sc.lz4	DEBUG	Starting write
1507533964609	DeferredSave.webext.sc.lz4	DEBUG	Write succeeded

Build info: version: &amp;apos;2.52.0&amp;apos;, revision: &amp;apos;4c2593cfc3689a7fcd7be52549167e5ccc93ad28&amp;apos;, time: &amp;apos;2016-02-11 11:22:43&amp;apos;
System info: host: &amp;apos;LAPTOP-BIQ4L6NA&amp;apos;, ip: &amp;apos;192.168.204.2&amp;apos;, os.name: &amp;apos;Windows 10&amp;apos;, os.arch: &amp;apos;amd64&amp;apos;, os.version: &amp;apos;10.0&amp;apos;, java.version: &amp;apos;1.8.0_144&amp;apos;
Driver info: driver.version: FirefoxDriver">
      <![CDATA[org.openqa.selenium.WebDriverException: Failed to connect to binary FirefoxBinary(C:\Program Files (x86)\Mozilla Firefox\firefox.exe) on port 7055; process output follows: 
ugBig.png","icon64URL":null,"blocklistState":0,"blocklistURL":null}
1507533963243	addons.xpi-utils	DEBUG	Updating active state for add-on firebug@software.joehewitt.com to false
1507533963244	addons.xpi	DEBUG	Add-on FireXPath@pierre.tholence.com blocks e10s rollout.
1507533963244	DeferredSave.extensions.json	DEBUG	Save changes
1507533963247	addons.xpi	DEBUG	Calling bootstrap method shutdown on firebug@software.joehewitt.com version 2.0.19
1507533963248	addons.xpi	WARN	Exception running bootstrap method shutdown on firebug@software.joehewitt.com: [Exception... "Component returned failure code: 0x80004005 (NS_ERROR_FAILURE) [nsIObserverService.removeObserver]"  nsresult: "0x80004005 (NS_ERROR_FAILURE)"  location: "JS frame :: resource://gre/modules/addons/XPIProvider.jsm -> jar:file:///C:/Users/Lenovo/AppData/Local/Temp/anonymous3583726571009000755webdriver-profile/extensions/firebug@software.joehewitt.com.xpi!/bootstrap.js :: shutdown :: line 92"  data: no] Stack trace: shutdown()@resource://gre/modules/addons/XPIProvider.jsm -> jar:file:///C:/Users/Lenovo/AppData/Local/Temp/anonymous3583726571009000755webdriver-profile/extensions/firebug@software.joehewitt.com.xpi!/bootstrap.js:92 < callBootstrapMethod()@resource://gre/modules/addons/XPIProvider.jsm:4405 < updateAddonDisabledState()@resource://gre/modules/addons/XPIProvider.jsm:4540 < updateAddonRepositoryData/</<()@resource://gre/modules/addons/XPIProvider.jsm:3848 < getAddon()@resource://gre/modules/addons/AddonRepository.jsm:558 < getCachedAddonByID()@resource://gre/modules/addons/AddonRepository.jsm:570 < updateAddonRepositoryData/<()@resource://gre/modules/addons/XPIProvider.jsm:3843 < makeSafe/<()@resource://gre/modules/addons/XPIProvider.jsm -> resource://gre/modules/addons/XPIProviderUtils.js:108 < getAddonList()@resource://gre/modules/addons/XPIProvider.jsm -> resource://gre/modules/addons/XPIProviderUtils.js:725 < showUpgradeUI()@resource://gre/modules/addons/XPIProvider.jsm:2495 < startup()@resource://gre/modules/addons/XPIProvider.jsm:2200 < callProvider()@resource://gre/modules/AddonManager.jsm:269 < _startProvider()@resource://gre/modules/AddonManager.jsm:739 < startup()@resource://gre/modules/AddonManager.jsm:906 < startup()@resource://gre/modules/AddonManager.jsm:3090 < observe()@jar:file:///C:/Program%20Files%20(x86)/Mozilla%20Firefox/omni.ja!/components/addonManager.js:65
1507533963252	addons.xpi	DEBUG	Removing manifest for C:\Users\Lenovo\AppData\Local\Temp\anonymous3583726571009000755webdriver-profile\extensions\firebug@software.joehewitt.com.xpi
1507533963264	addons.xpi	DEBUG	updateAddonRepositoryData got info for FireXPath@pierre.tholence.com
1507533963264	addons.xpi	DEBUG	updateAddonRepositoryData got info for jid1-16aeif9OQIRKxA@jetpack
1507533963265	addons.xpi	DEBUG	updateAddonRepositoryData got info for @onboard-v2
1507533963267	DeferredSave.extensions.json	DEBUG	Starting timer
1507533963267	addons.update-dialog	DEBUG	Fetching affected addons ["firebug@software.joehewitt.com"]
1507533963269	addons.update-dialog	DEBUG	VersionInfo Finding updates for firebug@software.joehewitt.com
1507533963280	addons.update-checker	DEBUG	Requesting https://versioncheck.addons.mozilla.org/update/VersionCheck.php?reqVersion=2&id=firebug@software.joehewitt.com&version=2.0.19&maxAppVersion=54.0&status=userEnabled,incompatible&appID={ec8030f7-c20a-464f-9b0e-13a3a9e97384}&appVersion=56.0&appOS=WINNT&appABI=x86-msvc&locale=en-US&currentAppVersion=56.0&updateType=99&compatMode=normal
1507533963293	DeferredSave.extensions.json	DEBUG	Starting write
1507533963306	DeferredSave.extensions.json	DEBUG	Write succeeded
1507533964180	addons.update-dialog	DEBUG	VersionInfo update 1 of 1 finished for firebug@software.joehewitt.com
1507533964181	addons.update-dialog	DEBUG	VersionInfo updates finished: found ["firebug@software.joehewitt.com:true"]
1507533964181	addons.update-dialog	DEBUG	Continuing with add-on firebug@software.joehewitt.com
1507533964599	DeferredSave.webext.sc.lz4	DEBUG	Starting write
1507533964609	DeferredSave.webext.sc.lz4	DEBUG	Write succeeded

Build info: version: '2.52.0', revision: '4c2593cfc3689a7fcd7be52549167e5ccc93ad28', time: '2016-02-11 11:22:43'
System info: host: 'LAPTOP-BIQ4L6NA', ip: '192.168.204.2', os.name: 'Windows 10', os.arch: 'amd64', os.version: '10.0', java.version: '1.8.0_144'
Driver info: driver.version: FirefoxDriver
	at org.openqa.selenium.firefox.internal.NewProfileExtensionConnection.start(NewProfileExtensionConnection.java:125)
	at org.openqa.selenium.firefox.FirefoxDriver.startClient(FirefoxDriver.java:271)
	at org.openqa.selenium.remote.RemoteWebDriver.<init>(RemoteWebDriver.java:119)
	at org.openqa.selenium.firefox.FirefoxDriver.<init>(FirefoxDriver.java:216)
	at org.openqa.selenium.firefox.FirefoxDriver.<init>(FirefoxDriver.java:211)
	at org.openqa.selenium.firefox.FirefoxDriver.<init>(FirefoxDriver.java:207)
	at org.openqa.selenium.firefox.FirefoxDriver.<init>(FirefoxDriver.java:124)
	at Factory.BrowserFactory.getBrowser(BrowserFactory.java:31)
	at TestScenarios.WebBaseClass.startbrowser(WebBaseClass.java:53)
Caused by: org.openqa.selenium.firefox.NotConnectedException: Unable to connect to host 127.0.0.1 on port 7055 after 45000 ms. Firefox console output:
ugBig.png","icon64URL":null,"blocklistState":0,"blocklistURL":null}
1507533963243	addons.xpi-utils	DEBUG	Updating active state for add-on firebug@software.joehewitt.com to false
1507533963244	addons.xpi	DEBUG	Add-on FireXPath@pierre.tholence.com blocks e10s rollout.
1507533963244	DeferredSave.extensions.json	DEBUG	Save changes
1507533963247	addons.xpi	DEBUG	Calling bootstrap method shutdown on firebug@software.joehewitt.com version 2.0.19
1507533963248	addons.xpi	WARN	Exception running bootstrap method shutdown on firebug@software.joehewitt.com: [Exception... "Component returned failure code: 0x80004005 (NS_ERROR_FAILURE) [nsIObserverService.removeObserver]"  nsresult: "0x80004005 (NS_ERROR_FAILURE)"  location: "JS frame :: resource://gre/modules/addons/XPIProvider.jsm -> jar:file:///C:/Users/Lenovo/AppData/Local/Temp/anonymous3583726571009000755webdriver-profile/extensions/firebug@software.joehewitt.com.xpi!/bootstrap.js :: shutdown :: line 92"  data: no] Stack trace: shutdown()@resource://gre/modules/addons/XPIProvider.jsm -> jar:file:///C:/Users/Lenovo/AppData/Local/Temp/anonymous3583726571009000755webdriver-profile/extensions/firebug@software.joehewitt.com.xpi!/bootstrap.js:92 < callBootstrapMethod()@resource://gre/modules/addons/XPIProvider.jsm:4405 < updateAddonDisabledState()@resource://gre/modules/addons/XPIProvider.jsm:4540 < updateAddonRepositoryData/</<()@resource://gre/modules/addons/XPIProvider.jsm:3848 < getAddon()@resource://gre/modules/addons/AddonRepository.jsm:558 < getCachedAddonByID()@resource://gre/modules/addons/AddonRepository.jsm:570 < updateAddonRepositoryData/<()@resource://gre/modules/addons/XPIProvider.jsm:3843 < makeSafe/<()@resource://gre/modules/addons/XPIProvider.jsm -> resource://gre/modules/addons/XPIProviderUtils.js:108 < getAddonList()@resource://gre/modules/addons/XPIProvider.jsm -> resource://gre/modules/addons/XPIProviderUtils.js:725 < showUpgradeUI()@resource://gre/modules/addons/XPIProvider.jsm:2495 < startup()@resource://gre/modules/addons/XPIProvider.jsm:2200 < callProvider()@resource://gre/modules/AddonManager.jsm:269 < _startProvider()@resource://gre/modules/AddonManager.jsm:739 < startup()@resource://gre/modules/AddonManager.jsm:906 < startup()@resource://gre/modules/AddonManager.jsm:3090 < observe()@jar:file:///C:/Program%20Files%20(x86)/Mozilla%20Firefox/omni.ja!/components/addonManager.js:65
1507533963252	addons.xpi	DEBUG	Removing manifest for C:\Users\Lenovo\AppData\Local\Temp\anonymous3583726571009000755webdriver-profile\extensions\firebug@software.joehewitt.com.xpi
1507533963264	addons.xpi	DEBUG	updateAddonRepositoryData got info for FireXPath@pierre.tholence.com
1507533963264	addons.xpi	DEBUG	updateAddonRepositoryData got info for jid1-16aeif9OQIRKxA@jetpack
1507533963265	addons.xpi	DEBUG	updateAddonRepositoryData got info for @onboard-v2
1507533963267	DeferredSave.extensions.json	DEBUG	Starting timer
1507533963267	addons.update-dialog	DEBUG	Fetching affected addons ["firebug@software.joehewitt.com"]
1507533963269	addons.update-dialog	DEBUG	VersionInfo Finding updates for firebug@software.joehewitt.com
1507533963280	addons.update-checker	DEBUG	Requesting https://versioncheck.addons.mozilla.org/update/VersionCheck.php?reqVersion=2&id=firebug@software.joehewitt.com&version=2.0.19&maxAppVersion=54.0&status=userEnabled,incompatible&appID={ec8030f7-c20a-464f-9b0e-13a3a9e97384}&appVersion=56.0&appOS=WINNT&appABI=x86-msvc&locale=en-US&currentAppVersion=56.0&updateType=99&compatMode=normal
1507533963293	DeferredSave.extensions.json	DEBUG	Starting write
1507533963306	DeferredSave.extensions.json	DEBUG	Write succeeded
1507533964180	addons.update-dialog	DEBUG	VersionInfo update 1 of 1 finished for firebug@software.joehewitt.com
1507533964181	addons.update-dialog	DEBUG	VersionInfo updates finished: found ["firebug@software.joehewitt.com:true"]
1507533964181	addons.update-dialog	DEBUG	Continuing with add-on firebug@software.joehewitt.com
1507533964599	DeferredSave.webext.sc.lz4	DEBUG	Starting write
1507533964609	DeferredSave.webext.sc.lz4	DEBUG	Write succeeded

	at org.openqa.selenium.firefox.internal.NewProfileExtensionConnection.start(NewProfileExtensionConnection.java:113)
	... 32 more
... Removed 24 stack frames]]>
    </failure>
  </testcase> <!-- @BeforeClass startbrowser -->
  <testcase name="@AfterMethod endTestCase" time="0.0" classname="TestScenarios.DemoVtigettest">
    <skipped/>
  </testcase> <!-- @AfterMethod endTestCase -->
  <testcase name="@AfterMethod endTestCase" time="0.0" classname="TestScenarios.DemoVtigettest">
    <skipped/>
  </testcase> <!-- @AfterMethod endTestCase -->
  <testcase name="testLoginvtiger" time="0.015" classname="TestScenarios.DemoVtigettest">
    <skipped/>
  </testcase> <!-- testLoginvtiger -->
  <testcase name="VerifyTitle" time="0.016" classname="TestScenarios.DemoVtigettest">
    <skipped/>
  </testcase> <!-- VerifyTitle -->
</testsuite> <!-- Test -->
